<?xml version="1.0" encoding="UTF-8"?>
<!-- Generated by org.testng.reporters.JUnitReportReporter -->
<testsuite skipped="0" hostname="DESKTOP-AFGF4K6" name="com.training.sanity.tests.TC33CheckoutWithLogin" tests="1" failures="0" timestamp="09 Apr 2020 14:15:14 GMT" time="43.041" errors="0">
  <testcase name="journeyToOrder" time="43.041" classname="com.training.sanity.tests.TC33CheckoutWithLogin"/>
</testsuite> <!-- com.training.sanity.tests.TC33CheckoutWithLogin -->
