<?xml version="1.0" encoding="UTF-8"?>
<!-- Generated by org.testng.reporters.JUnitReportReporter -->
<testsuite skipped="0" hostname="DESKTOP-AFGF4K6" name="com.training.sanity.tests.TC31InvalidLogin" tests="1" failures="0" timestamp="08 Apr 2020 13:31:16 GMT" time="18.745" errors="0">
  <testcase name="validLoginTest" time="18.745" classname="com.training.sanity.tests.TC31InvalidLogin"/>
</testsuite> <!-- com.training.sanity.tests.TC31InvalidLogin -->
