<?xml version="1.0" encoding="UTF-8"?>
<!-- Generated by org.testng.reporters.JUnitReportReporter -->
<testsuite skipped="0" hostname="DESKTOP-AFGF4K6" name="com.training.sanity.tests.TC63InvalidRegistration$RegistrationTest" tests="1" failures="0" timestamp="12 Apr 2020 11:05:12 GMT" time="24.319" errors="0">
  <testcase name="registrationTest" time="24.319" classname="com.training.sanity.tests.TC63InvalidRegistration$RegistrationTest"/>
</testsuite> <!-- com.training.sanity.tests.TC63InvalidRegistration$RegistrationTest -->
