<?xml version="1.0" encoding="UTF-8"?>
<!-- Generated by org.testng.reporters.JUnitReportReporter -->
<testsuite skipped="0" hostname="DESKTOP-AFGF4K6" name="com.training.sanity.tests.TC62MultipleRegistration" tests="2" failures="0" timestamp="15 Apr 2020 05:03:34 GMT" time="124.447" errors="0">
  <testcase name="testMethodsTwo" time="83.404" classname="com.training.sanity.tests.TC62MultipleRegistration"/>
  <testcase name="testMethodsOne" time="41.043" classname="com.training.sanity.tests.TC62MultipleRegistration"/>
</testsuite> <!-- com.training.sanity.tests.TC62MultipleRegistration -->
