<?xml version="1.0" encoding="UTF-8"?>
<!-- Generated by org.testng.reporters.JUnitReportReporter -->
<testsuite skipped="0" hostname="DESKTOP-AFGF4K6" name="com.training.sanity.tests.LoginFunction" tests="1" failures="0" timestamp="07 Apr 2020 03:55:41 GMT" time="18.241" errors="0">
  <testcase name="validLoginTest" time="18.241" classname="com.training.sanity.tests.LoginFunction"/>
</testsuite> <!-- com.training.sanity.tests.LoginFunction -->
