<?xml version="1.0" encoding="UTF-8"?>
<!-- Generated by org.testng.reporters.JUnitReportReporter -->
<testsuite skipped="0" hostname="DESKTOP-AFGF4K6" name="com.training.sanity.tests.TC32CheckoutWithoutLogin" tests="1" failures="0" timestamp="08 Apr 2020 13:30:42 GMT" time="20.740" errors="0">
  <testcase name="noLoginCheckout" time="20.740" classname="com.training.sanity.tests.TC32CheckoutWithoutLogin"/>
</testsuite> <!-- com.training.sanity.tests.TC32CheckoutWithoutLogin -->
