<?xml version="1.0" encoding="UTF-8"?>
<!-- Generated by org.testng.reporters.JUnitReportReporter -->
<testsuite skipped="0" hostname="DESKTOP-AFGF4K6" name="com.training.sanity.tests.ForgetPassword" tests="1" failures="0" timestamp="06 Apr 2020 03:50:12 GMT" time="19.832" errors="0">
  <testcase name="validLoginTest" time="19.832" classname="com.training.sanity.tests.ForgetPassword"/>
</testsuite> <!-- com.training.sanity.tests.ForgetPassword -->
