<?xml version="1.0" encoding="UTF-8"?>
<!-- Generated by org.testng.reporters.JUnitReportReporter -->
<testsuite skipped="0" hostname="DESKTOP-AFGF4K6" name="com.training.sanity.tests.testmulti" tests="2" failures="0" timestamp="12 Apr 2020 09:41:34 GMT" time="30.248" errors="0">
  <testcase name="testMethodsTwo" time="15.325" classname="com.training.sanity.tests.testmulti"/>
  <testcase name="testMethodsOne" time="14.923" classname="com.training.sanity.tests.testmulti"/>
</testsuite> <!-- com.training.sanity.tests.testmulti -->
