<?xml version="1.0" encoding="UTF-8"?>
<!-- Generated by org.testng.reporters.JUnitReportReporter -->
<testsuite skipped="0" hostname="DESKTOP-AFGF4K6" name="com.training.sanity.tests.RegistrationTest" tests="1" failures="0" timestamp="06 Apr 2020 04:32:59 GMT" time="22.579" errors="0">
  <testcase name="registrationTest" time="22.579" classname="com.training.sanity.tests.RegistrationTest"/>
</testsuite> <!-- com.training.sanity.tests.RegistrationTest -->
