<?xml version="1.0" encoding="UTF-8"?>
<!-- Generated by org.testng.reporters.JUnitReportReporter -->
<testsuite skipped="0" hostname="DESKTOP-AFGF4K6" name="com.training.sanity.tests.TC61Registration$RegistrationTest" tests="1" failures="0" timestamp="12 Apr 2020 10:51:14 GMT" time="25.365" errors="0">
  <testcase name="registrationTest" time="25.365" classname="com.training.sanity.tests.TC61Registration$RegistrationTest"/>
</testsuite> <!-- com.training.sanity.tests.TC61Registration$RegistrationTest -->
